This is pdfTeX, Version 3.141592653-2.6-1.40.27 (TeX Live 2025/nixos.org) (preloaded format=pdflatex 1980.1.1)  6 DEC 2025 20:52
entering extended mode
 restricted \write18 enabled.
 file:line:error style messages enabled.
 %&-line parsing enabled.
**/home/connor/Documents/university/2DRR00-Group69/report.tex
(/home/connor/Documents/university/2DRR00-Group69/report.tex
LaTeX2e <2025-06-01> patch level 1
L3 programming layer <2025-06-09>
(/nix/store/zdql9dvg3l7q0yxbm7b3mxg1rcmrl8aw-texlive-2025-env-texmfdist/tex/latex/base/report.cls
Document Class: report 2025/01/22 v1.4n Standard LaTeX document class
(/nix/store/zdql9dvg3l7q0yxbm7b3mxg1rcmrl8aw-texlive-2025-env-texmfdist/tex/latex/base/size10.clo
File: size10.clo 2025/01/22 v1.4n Standard LaTeX file (size option)
)
\c@part=\count275
\c@chapter=\count276
\c@section=\count277
\c@subsection=\count278
\c@subsubsection=\count279
\c@paragraph=\count280
\c@subparagraph=\count281
\c@figure=\count282
\c@table=\count283
\abovecaptionskip=\skip49
\belowcaptionskip=\skip50
\bibindent=\dimen148
) (/nix/store/zdql9dvg3l7q0yxbm7b3mxg1rcmrl8aw-texlive-2025-env-texmfdist/tex/latex/amsmath/amsmath.sty
Package: amsmath 2025/06/16 v2.17y AMS math features
\@mathmargin=\skip51

For additional information on amsmath, use the `?' option.
(/nix/store/zdql9dvg3l7q0yxbm7b3mxg1rcmrl8aw-texlive-2025-env-texmfdist/tex/latex/amsmath/amstext.sty
Package: amstext 2024/11/17 v2.01 AMS text
 (/nix/store/zdql9dvg3l7q0yxbm7b3mxg1rcmrl8aw-texlive-2025-env-texmfdist/tex/latex/amsmath/amsgen.sty
File: amsgen.sty 1999/11/30 v2.0 generic functions
\@emptytoks=\toks17
\ex@=\dimen149
)) (/nix/store/zdql9dvg3l7q0yxbm7b3mxg1rcmrl8aw-texlive-2025-env-texmfdist/tex/latex/amsmath/amsbsy.sty
Package: amsbsy 1999/11/29 v1.2d Bold Symbols
\pmbraise@=\dimen150
) (/nix/store/zdql9dvg3l7q0yxbm7b3mxg1rcmrl8aw-texlive-2025-env-texmfdist/tex/latex/amsmath/amsopn.sty
Package: amsopn 2022/04/08 v2.04 operator names
)
\inf@bad=\count284
LaTeX Info: Redefining \frac on input line 233.
\uproot@=\count285
\leftroot@=\count286
LaTeX Info: Redefining \overline on input line 398.
LaTeX Info: Redefining \colon on input line 409.
\classnum@=\count287
\DOTSCASE@=\count288
LaTeX Info: Redefining \ldots on input line 495.
LaTeX Info: Redefining \dots on input line 498.
LaTeX Info: Redefining \cdots on input line 619.
\Mathstrutbox@=\box53
\strutbox@=\box54
LaTeX Info: Redefining \big on input line 721.
LaTeX Info: Redefining \Big on input line 722.
LaTeX Info: Redefining \bigg on input line 723.
LaTeX Info: Redefining \Bigg on input line 724.
\big@size=\dimen151
LaTeX Font Info:    Redeclaring font encoding OML on input line 742.
LaTeX Font Info:    Redeclaring font encoding OMS on input line 743.
\macc@depth=\count289
LaTeX Info: Redefining \bmod on input line 904.
LaTeX Info: Redefining \pmod on input line 909.
LaTeX Info: Redefining \smash on input line 939.
LaTeX Info: Redefining \relbar on input line 969.
LaTeX Info: Redefining \Relbar on input line 970.
\c@MaxMatrixCols=\count290
\dotsspace@=\muskip17
\c@parentequation=\count291
\dspbrk@lvl=\count292
\tag@help=\toks18
\row@=\count293
\column@=\count294
\maxfields@=\count295
\andhelp@=\toks19
\eqnshift@=\dimen152
\alignsep@=\dimen153
\tagshift@=\dimen154
\tagwidth@=\dimen155
\totwidth@=\dimen156
\lineht@=\dimen157
\@envbody=\toks20
\multlinegap=\skip52
\multlinetaggap=\skip53
\mathdisplay@stack=\toks21
LaTeX Info: Redefining \[ on input line 2949.
LaTeX Info: Redefining \] on input line 2950.
) (/nix/store/zdql9dvg3l7q0yxbm7b3mxg1rcmrl8aw-texlive-2025-env-texmfdist/tex/latex/geometry/geometry.sty
Package: geometry 2020/01/02 v5.9 Page Geometry
 (/nix/store/zdql9dvg3l7q0yxbm7b3mxg1rcmrl8aw-texlive-2025-env-texmfdist/tex/latex/graphics/keyval.sty
Package: keyval 2022/05/29 v1.15 key=value parser (DPC)
\KV@toks@=\toks22
) (/nix/store/zdql9dvg3l7q0yxbm7b3mxg1rcmrl8aw-texlive-2025-env-texmfdist/tex/generic/iftex/ifvtex.sty
Package: ifvtex 2019/10/25 v1.7 ifvtex legacy package. Use iftex instead.
 (/nix/store/zdql9dvg3l7q0yxbm7b3mxg1rcmrl8aw-texlive-2025-env-texmfdist/tex/generic/iftex/iftex.sty
Package: iftex 2024/12/12 v1.0g TeX engine tests
))
\Gm@cnth=\count296
\Gm@cntv=\count297
\c@Gm@tempcnt=\count298
\Gm@bindingoffset=\dimen158
\Gm@wd@mp=\dimen159
\Gm@odd@mp=\dimen160
\Gm@even@mp=\dimen161
\Gm@layoutwidth=\dimen162
\Gm@layoutheight=\dimen163
\Gm@layouthoffset=\dimen164
\Gm@layoutvoffset=\dimen165
\Gm@dimlist=\toks23
) (/nix/store/zdql9dvg3l7q0yxbm7b3mxg1rcmrl8aw-texlive-2025-env-texmfdist/tex/latex/l3backend/l3backend-pdftex.def
File: l3backend-pdftex.def 2025-06-09 L3 backend support: PDF output (pdfTeX)
\l__color_backend_stack_int=\count299
) (build/report.aux)
\openout1 = `report.aux'.

LaTeX Font Info:    Checking defaults for OML/cmm/m/it on input line 21.
LaTeX Font Info:    ... okay on input line 21.
LaTeX Font Info:    Checking defaults for OMS/cmsy/m/n on input line 21.
LaTeX Font Info:    ... okay on input line 21.
LaTeX Font Info:    Checking defaults for OT1/cmr/m/n on input line 21.
LaTeX Font Info:    ... okay on input line 21.
LaTeX Font Info:    Checking defaults for T1/cmr/m/n on input line 21.
LaTeX Font Info:    ... okay on input line 21.
LaTeX Font Info:    Checking defaults for TS1/cmr/m/n on input line 21.
LaTeX Font Info:    ... okay on input line 21.
LaTeX Font Info:    Checking defaults for OMX/cmex/m/n on input line 21.
LaTeX Font Info:    ... okay on input line 21.
LaTeX Font Info:    Checking defaults for U/cmr/m/n on input line 21.
LaTeX Font Info:    ... okay on input line 21.

*geometry* driver: auto-detecting
*geometry* detected driver: pdftex
*geometry* verbose mode - [ preamble ] result:
* driver: pdftex
* paper: a4paper
* layout: <same size as paper>
* layoutoffset:(h,v)=(0.0pt,0.0pt)
* modes: 
* h-part:(L,W,R)=(89.62709pt, 418.25368pt, 89.6271pt)
* v-part:(T,H,B)=(101.40665pt, 591.5302pt, 152.11pt)
* \paperwidth=597.50787pt
* \paperheight=845.04684pt
* \textwidth=418.25368pt
* \textheight=591.5302pt
* \oddsidemargin=17.3571pt
* \evensidemargin=17.3571pt
* \topmargin=-7.86334pt
* \headheight=12.0pt
* \headsep=25.0pt
* \topskip=10.0pt
* \footskip=30.0pt
* \marginparwidth=65.0pt
* \marginparsep=11.0pt
* \columnsep=10.0pt
* \skip\footins=9.0pt plus 4.0pt minus 2.0pt
* \hoffset=0.0pt
* \voffset=0.0pt
* \mag=1000
* \@twocolumnfalse
* \@twosidefalse
* \@mparswitchfalse
* \@reversemarginfalse
* (1in=72.27pt=25.4mm, 1cm=28.453pt)



[1

{/nix/store/5xpkxp30879g24sp9lq4c2c5pmm49y9n-texlive-2025-env/share/texmf-var/fonts/map/pdftex/updmap/pdftex.map}]

[1{/nix/store/zdql9dvg3l7q0yxbm7b3mxg1rcmrl8aw-texlive-2025-env-texmfdist/fonts/enc/dvips/cm-super/cm-super-ts1.enc}] (build/report.aux)
 ***********
LaTeX2e <2025-06-01> patch level 1
L3 programming layer <2025-06-09>
 ***********
 ) 
Here is how much of TeX's memory you used:
 1796 strings out of 469014
 28319 string characters out of 5439838
 433356 words of memory out of 5000000
 30206 multiletter control sequences out of 15000+600000
 632581 words of font info for 60 fonts, out of 8000000 for 9000
 430 hyphenation exceptions out of 8191
 57i,7n,65p,281b,199s stack positions out of 10000i,1000n,20000p,200000b,200000s
</nix/store/zdql9dvg3l7q0yxbm7b3mxg1rcmrl8aw-texlive-2025-env-texmfdist/fonts/type1/public/amsfonts/cm/cmbx12.pfb></nix/store/zdql9dvg3l7q0yxbm7b3mxg1rcmrl8aw-texlive-2025-env-texmfdist/fonts/type1/public/amsfonts/cm/cmmi10.pfb></nix/store/zdql9dvg3l7q0yxbm7b3mxg1rcmrl8aw-texlive-2025-env-texmfdist/fonts/type1/public/amsfonts/cm/cmr10.pfb></nix/store/zdql9dvg3l7q0yxbm7b3mxg1rcmrl8aw-texlive-2025-env-texmfdist/fonts/type1/public/amsfonts/cm/cmr12.pfb></nix/store/zdql9dvg3l7q0yxbm7b3mxg1rcmrl8aw-texlive-2025-env-texmfdist/fonts/type1/public/amsfonts/cm/cmr17.pfb></nix/store/zdql9dvg3l7q0yxbm7b3mxg1rcmrl8aw-texlive-2025-env-texmfdist/fonts/type1/public/amsfonts/cm/cmsy10.pfb></nix/store/zdql9dvg3l7q0yxbm7b3mxg1rcmrl8aw-texlive-2025-env-texmfdist/fonts/type1/public/amsfonts/cm/cmti10.pfb></nix/store/zdql9dvg3l7q0yxbm7b3mxg1rcmrl8aw-texlive-2025-env-texmfdist/fonts/type1/public/cm-super/sfrm1000.pfb>
Output written on build/report.pdf (2 pages, 94135 bytes).
PDF statistics:
 52 PDF objects out of 1000 (max. 8388607)
 31 compressed objects within 1 object stream
 0 named destinations out of 1000 (max. 500000)
 1 words of extra memory for PDF output out of 10000 (max. 10000000)

